<component name="libraryTable">
  <library name="junit-jupiter-api-5.6.0">
    <CLASSES>
      <root url="jar://$USER_HOME$/Documents/JAR Libraries/JUnit/junit-jupiter-api-5.6.0.jar!/" />
    </CLASSES>
    <JAVADOC />
    <SOURCES />
  </library>
</component>